<?xml version="1.0" encoding="UTF-8"?>
<!-- Generated by org.testng.reporters.JUnitXMLReporter -->
<testsuite hostname="Parisha" ignored="0" name="Test" tests="8" failures="0" timestamp="10 Jun 2019 21:25:12 GMT" time="200.765" errors="0">
  <testcase name="loginTest" time="28.037" classname="codingTest.AequSwagLab.Test.LoginTest"/>
  <testcase name="loginTest" time="22.554" classname="codingTest.AequSwagLab.Test.LoginTest"/>
  <testcase name="loginTest" time="23.502" classname="codingTest.AequSwagLab.Test.LoginTest"/>
  <testcase name="loginTest" time="22.683" classname="codingTest.AequSwagLab.Test.LoginTest"/>
  <testcase name="loginTest" time="23.454" classname="codingTest.AequSwagLab.Test.LoginTest"/>
  <testcase name="loginTest" time="32.626" classname="codingTest.AequSwagLab.Test.LoginTest"/>
  <testcase name="loginTest" time="24.91" classname="codingTest.AequSwagLab.Test.LoginTest"/>
  <testcase name="loginTest" time="22.849" classname="codingTest.AequSwagLab.Test.LoginTest"/>
</testsuite> <!-- Test -->
