<?xml version="1.0" encoding="UTF-8"?>
<!-- Generated by org.testng.reporters.JUnitXMLReporter -->
<testsuite hostname="Parisha" ignored="0" name="Test" tests="8" failures="0" timestamp="10 Jun 2019 23:57:22 GMT" time="267.202" errors="0">
  <testcase name="loginTest" time="63.963" classname="codingTest.AequSwagLab.Test.LoginTest"/>
  <testcase name="loginTest" time="34.226" classname="codingTest.AequSwagLab.Test.LoginTest"/>
  <testcase name="loginTest" time="29.023" classname="codingTest.AequSwagLab.Test.LoginTest"/>
  <testcase name="loginTest" time="25.824" classname="codingTest.AequSwagLab.Test.LoginTest"/>
  <testcase name="loginTest" time="27.632" classname="codingTest.AequSwagLab.Test.LoginTest"/>
  <testcase name="loginTest" time="32.626" classname="codingTest.AequSwagLab.Test.LoginTest"/>
  <testcase name="loginTest" time="26.225" classname="codingTest.AequSwagLab.Test.LoginTest"/>
  <testcase name="loginTest" time="27.55" classname="codingTest.AequSwagLab.Test.LoginTest"/>
</testsuite> <!-- Test -->
