<?xml version="1.0" encoding="UTF-8"?>
<testng-results skipped="0" failed="0" ignored="0" total="8" passed="8">
  <reporter-output>
  </reporter-output>
  <suite name="Login Test" duration-ms="267202" started-at="2019-06-10T23:52:55Z" finished-at="2019-06-10T23:57:22Z">
    <groups>
    </groups>
    <test name="Test" duration-ms="267202" started-at="2019-06-10T23:52:55Z" finished-at="2019-06-10T23:57:22Z">
      <class name="codingTest.AequSwagLab.Test.TestSetup">
        <test-method status="PASS" signature="beforeSuite()[pri:0, instance:codingTest.AequSwagLab.Test.TestSetup@3ffc5af1]" name="beforeSuite" is-config="true" duration-ms="469" started-at="2019-06-10T23:52:54Z" finished-at="2019-06-10T23:52:55Z">
          <reporter-output>
          </reporter-output>
        </test-method> <!-- beforeSuite -->
        <test-method status="PASS" signature="afterSuite()[pri:0, instance:codingTest.AequSwagLab.Test.TestSetup@3ffc5af1]" name="afterSuite" is-config="true" duration-ms="1806" started-at="2019-06-10T23:57:22Z" finished-at="2019-06-10T23:57:24Z">
          <reporter-output>
          </reporter-output>
        </test-method> <!-- afterSuite -->
      </class> <!-- codingTest.AequSwagLab.Test.TestSetup -->
      <class name="codingTest.AequSwagLab.Test.LoginTest">
        <test-method status="PASS" signature="loginTest(java.lang.String, java.lang.String)[pri:0, instance:codingTest.AequSwagLab.Test.LoginTest@5e5792a0]" name="loginTest" duration-ms="63963" started-at="2019-06-10T23:52:55Z" data-provider="getData" finished-at="2019-06-10T23:53:59Z">
          <params>
            <param index="0">
              <value>
                <![CDATA[standard_user]]>
              </value>
            </param>
            <param index="1">
              <value>
                <![CDATA[secret_sauce]]>
              </value>
            </param>
          </params>
          <reporter-output>
          </reporter-output>
        </test-method> <!-- loginTest -->
        <test-method status="PASS" signature="getResult(org.testng.ITestResult)[pri:0, instance:codingTest.AequSwagLab.Test.LoginTest@5e5792a0]" name="getResult" is-config="true" duration-ms="5" started-at="2019-06-10T23:53:59Z" finished-at="2019-06-10T23:53:59Z">
          <params>
            <param index="0">
              <value>
                <![CDATA[[TestResult name=loginTest status=SUCCESS method=LoginTest.loginTest(java.lang.String, java.lang.String)[pri:0, instance:codingTest.AequSwagLab.Test.LoginTest@5e5792a0] output={null}]]]>
              </value>
            </param>
          </params>
          <reporter-output>
          </reporter-output>
        </test-method> <!-- getResult -->
        <test-method status="PASS" signature="loginTest(java.lang.String, java.lang.String)[pri:0, instance:codingTest.AequSwagLab.Test.LoginTest@5e5792a0]" name="loginTest" duration-ms="34226" started-at="2019-06-10T23:53:59Z" data-provider="getData" finished-at="2019-06-10T23:54:33Z">
          <params>
            <param index="0">
              <value>
                <![CDATA[standard_user]]>
              </value>
            </param>
            <param index="1">
              <value>
                <![CDATA[ ]]>
              </value>
            </param>
          </params>
          <reporter-output>
          </reporter-output>
        </test-method> <!-- loginTest -->
        <test-method status="PASS" signature="getResult(org.testng.ITestResult)[pri:0, instance:codingTest.AequSwagLab.Test.LoginTest@5e5792a0]" name="getResult" is-config="true" duration-ms="1" started-at="2019-06-10T23:54:33Z" finished-at="2019-06-10T23:54:33Z">
          <params>
            <param index="0">
              <value>
                <![CDATA[[TestResult name=loginTest status=SUCCESS method=LoginTest.loginTest(java.lang.String, java.lang.String)[pri:0, instance:codingTest.AequSwagLab.Test.LoginTest@5e5792a0] output={null}]]]>
              </value>
            </param>
          </params>
          <reporter-output>
          </reporter-output>
        </test-method> <!-- getResult -->
        <test-method status="PASS" signature="loginTest(java.lang.String, java.lang.String)[pri:0, instance:codingTest.AequSwagLab.Test.LoginTest@5e5792a0]" name="loginTest" duration-ms="29023" started-at="2019-06-10T23:54:33Z" data-provider="getData" finished-at="2019-06-10T23:55:02Z">
          <params>
            <param index="0">
              <value>
                <![CDATA[standard_user]]>
              </value>
            </param>
            <param index="1">
              <value>
                <![CDATA[ abd]]>
              </value>
            </param>
          </params>
          <reporter-output>
          </reporter-output>
        </test-method> <!-- loginTest -->
        <test-method status="PASS" signature="getResult(org.testng.ITestResult)[pri:0, instance:codingTest.AequSwagLab.Test.LoginTest@5e5792a0]" name="getResult" is-config="true" duration-ms="1" started-at="2019-06-10T23:55:02Z" finished-at="2019-06-10T23:55:02Z">
          <params>
            <param index="0">
              <value>
                <![CDATA[[TestResult name=loginTest status=SUCCESS method=LoginTest.loginTest(java.lang.String, java.lang.String)[pri:0, instance:codingTest.AequSwagLab.Test.LoginTest@5e5792a0] output={null}]]]>
              </value>
            </param>
          </params>
          <reporter-output>
          </reporter-output>
        </test-method> <!-- getResult -->
        <test-method status="PASS" signature="loginTest(java.lang.String, java.lang.String)[pri:0, instance:codingTest.AequSwagLab.Test.LoginTest@5e5792a0]" name="loginTest" duration-ms="25824" started-at="2019-06-10T23:55:02Z" data-provider="getData" finished-at="2019-06-10T23:55:28Z">
          <params>
            <param index="0">
              <value>
                <![CDATA[locked_out_user]]>
              </value>
            </param>
            <param index="1">
              <value>
                <![CDATA[secret_sauce]]>
              </value>
            </param>
          </params>
          <reporter-output>
          </reporter-output>
        </test-method> <!-- loginTest -->
        <test-method status="PASS" signature="getResult(org.testng.ITestResult)[pri:0, instance:codingTest.AequSwagLab.Test.LoginTest@5e5792a0]" name="getResult" is-config="true" duration-ms="1" started-at="2019-06-10T23:55:28Z" finished-at="2019-06-10T23:55:28Z">
          <params>
            <param index="0">
              <value>
                <![CDATA[[TestResult name=loginTest status=SUCCESS method=LoginTest.loginTest(java.lang.String, java.lang.String)[pri:0, instance:codingTest.AequSwagLab.Test.LoginTest@5e5792a0] output={null}]]]>
              </value>
            </param>
          </params>
          <reporter-output>
          </reporter-output>
        </test-method> <!-- getResult -->
        <test-method status="PASS" signature="loginTest(java.lang.String, java.lang.String)[pri:0, instance:codingTest.AequSwagLab.Test.LoginTest@5e5792a0]" name="loginTest" duration-ms="27632" started-at="2019-06-10T23:55:28Z" data-provider="getData" finished-at="2019-06-10T23:55:56Z">
          <params>
            <param index="0">
              <value>
                <![CDATA[problem_user]]>
              </value>
            </param>
            <param index="1">
              <value>
                <![CDATA[secret_sauce]]>
              </value>
            </param>
          </params>
          <reporter-output>
          </reporter-output>
        </test-method> <!-- loginTest -->
        <test-method status="PASS" signature="getResult(org.testng.ITestResult)[pri:0, instance:codingTest.AequSwagLab.Test.LoginTest@5e5792a0]" name="getResult" is-config="true" duration-ms="1" started-at="2019-06-10T23:55:56Z" finished-at="2019-06-10T23:55:56Z">
          <params>
            <param index="0">
              <value>
                <![CDATA[[TestResult name=loginTest status=SUCCESS method=LoginTest.loginTest(java.lang.String, java.lang.String)[pri:0, instance:codingTest.AequSwagLab.Test.LoginTest@5e5792a0] output={null}]]]>
              </value>
            </param>
          </params>
          <reporter-output>
          </reporter-output>
        </test-method> <!-- getResult -->
        <test-method status="PASS" signature="loginTest(java.lang.String, java.lang.String)[pri:0, instance:codingTest.AequSwagLab.Test.LoginTest@5e5792a0]" name="loginTest" duration-ms="32626" started-at="2019-06-10T23:55:56Z" data-provider="getData" finished-at="2019-06-10T23:56:28Z">
          <params>
            <param index="0">
              <value>
                <![CDATA[performance_glitch_user]]>
              </value>
            </param>
            <param index="1">
              <value>
                <![CDATA[secret_sauce]]>
              </value>
            </param>
          </params>
          <reporter-output>
          </reporter-output>
        </test-method> <!-- loginTest -->
        <test-method status="PASS" signature="getResult(org.testng.ITestResult)[pri:0, instance:codingTest.AequSwagLab.Test.LoginTest@5e5792a0]" name="getResult" is-config="true" duration-ms="1" started-at="2019-06-10T23:56:28Z" finished-at="2019-06-10T23:56:28Z">
          <params>
            <param index="0">
              <value>
                <![CDATA[[TestResult name=loginTest status=SUCCESS method=LoginTest.loginTest(java.lang.String, java.lang.String)[pri:0, instance:codingTest.AequSwagLab.Test.LoginTest@5e5792a0] output={null}]]]>
              </value>
            </param>
          </params>
          <reporter-output>
          </reporter-output>
        </test-method> <!-- getResult -->
        <test-method status="PASS" signature="loginTest(java.lang.String, java.lang.String)[pri:0, instance:codingTest.AequSwagLab.Test.LoginTest@5e5792a0]" name="loginTest" duration-ms="26225" started-at="2019-06-10T23:56:28Z" data-provider="getData" finished-at="2019-06-10T23:56:55Z">
          <params>
            <param index="0">
              <value>
                <![CDATA[ ]]>
              </value>
            </param>
            <param index="1">
              <value>
                <![CDATA[secret_sauce]]>
              </value>
            </param>
          </params>
          <reporter-output>
          </reporter-output>
        </test-method> <!-- loginTest -->
        <test-method status="PASS" signature="getResult(org.testng.ITestResult)[pri:0, instance:codingTest.AequSwagLab.Test.LoginTest@5e5792a0]" name="getResult" is-config="true" duration-ms="1" started-at="2019-06-10T23:56:55Z" finished-at="2019-06-10T23:56:55Z">
          <params>
            <param index="0">
              <value>
                <![CDATA[[TestResult name=loginTest status=SUCCESS method=LoginTest.loginTest(java.lang.String, java.lang.String)[pri:0, instance:codingTest.AequSwagLab.Test.LoginTest@5e5792a0] output={null}]]]>
              </value>
            </param>
          </params>
          <reporter-output>
          </reporter-output>
        </test-method> <!-- getResult -->
        <test-method status="PASS" signature="loginTest(java.lang.String, java.lang.String)[pri:0, instance:codingTest.AequSwagLab.Test.LoginTest@5e5792a0]" name="loginTest" duration-ms="27550" started-at="2019-06-10T23:56:55Z" data-provider="getData" finished-at="2019-06-10T23:57:22Z">
          <params>
            <param index="0">
              <value>
                <![CDATA[ ]]>
              </value>
            </param>
            <param index="1">
              <value>
                <![CDATA[ ]]>
              </value>
            </param>
          </params>
          <reporter-output>
          </reporter-output>
        </test-method> <!-- loginTest -->
        <test-method status="PASS" signature="getResult(org.testng.ITestResult)[pri:0, instance:codingTest.AequSwagLab.Test.LoginTest@5e5792a0]" name="getResult" is-config="true" duration-ms="1" started-at="2019-06-10T23:57:22Z" finished-at="2019-06-10T23:57:22Z">
          <params>
            <param index="0">
              <value>
                <![CDATA[[TestResult name=loginTest status=SUCCESS method=LoginTest.loginTest(java.lang.String, java.lang.String)[pri:0, instance:codingTest.AequSwagLab.Test.LoginTest@5e5792a0] output={null}]]]>
              </value>
            </param>
          </params>
          <reporter-output>
          </reporter-output>
        </test-method> <!-- getResult -->
        <test-method status="PASS" signature="Quit()[pri:0, instance:codingTest.AequSwagLab.Test.LoginTest@5e5792a0]" name="Quit" is-config="true" duration-ms="0" started-at="2019-06-10T23:57:22Z" finished-at="2019-06-10T23:57:22Z">
          <reporter-output>
          </reporter-output>
        </test-method> <!-- Quit -->
      </class> <!-- codingTest.AequSwagLab.Test.LoginTest -->
    </test> <!-- Test -->
  </suite> <!-- Login Test -->
</testng-results>
